<?xml version="1.0" encoding="UTF-8"?>
<testng-results ignored="0" total="1" passed="1" failed="0" skipped="0">
  <reporter-output>
  </reporter-output>
  <suite started-at="2023-01-25T10:51:32 IST" name="Default suite" finished-at="2023-01-25T10:53:46 IST" duration-ms="134658">
    <groups>
    </groups>
    <test started-at="2023-01-25T10:51:32 IST" name="Default test" finished-at="2023-01-25T10:53:46 IST" duration-ms="134658">
      <class name="testcases.Register">
        <test-method is-config="true" signature="invokebrowser()[pri:0, instance:testcases.Register@3e11f9e9]" started-at="2023-01-25T10:51:32 IST" name="invokebrowser" finished-at="2023-01-25T10:52:42 IST" duration-ms="70692" status="PASS">
          <reporter-output>
          </reporter-output>
        </test-method> <!-- invokebrowser -->
        <test-method signature="createAcc()[pri:0, instance:testcases.Register@3e11f9e9]" started-at="2023-01-25T10:52:42 IST" name="createAcc" finished-at="2023-01-25T10:53:46 IST" duration-ms="63863" status="PASS">
          <reporter-output>
          </reporter-output>
        </test-method> <!-- createAcc -->
      </class> <!-- testcases.Register -->
    </test> <!-- Default test -->
  </suite> <!-- Default suite -->
</testng-results>
